  Building Custom Rule C:/Users/AnubhavGain/Desktop/d3v/TextualGameEngine/ItalienQuiSaute/CMakeLists.txt
  The vcpkg manifest was disabled, but we found a manifest file in C:\Users\AnubhavGain\Desktop\d3v\TextualGameEngine\. You may want to enable vcpkg manifests in your properties page or pass /p:VcpkgEnableManifest=true to the msbuild invocation.
  ItalienQuiSaute.cpp
C:\Users\AnubhavGain\Desktop\d3v\TextualGameEngine\ItalienQuiSaute\Engine\Components\PlayerControllerComponent.hpp(3,10): warning C4067: unexpected tokens following preprocessor directive - expected a newline
C:\Users\AnubhavGain\Desktop\d3v\TextualGameEngine\ItalienQuiSaute\Engine\Components\PlayerControllerComponent.hpp(4,10): warning C4067: unexpected tokens following preprocessor directive - expected a newline
C:\Users\AnubhavGain\Desktop\d3v\TextualGameEngine\ItalienQuiSaute\Engine\Components\SpriteRendererComponent.hpp(44,53): warning C4244: 'argument': conversion from 'int' to 'T', possible loss of data
C:\Users\AnubhavGain\Desktop\d3v\TextualGameEngine\ItalienQuiSaute\Engine\Components\SpriteRendererComponent.hpp(44,53): warning C4244:         with
C:\Users\AnubhavGain\Desktop\d3v\TextualGameEngine\ItalienQuiSaute\Engine\Components\SpriteRendererComponent.hpp(44,53): warning C4244:         [
C:\Users\AnubhavGain\Desktop\d3v\TextualGameEngine\ItalienQuiSaute\Engine\Components\SpriteRendererComponent.hpp(44,53): warning C4244:             T=float
C:\Users\AnubhavGain\Desktop\d3v\TextualGameEngine\ItalienQuiSaute\Engine\Components\SpriteRendererComponent.hpp(44,53): warning C4244:         ]
C:\Users\AnubhavGain\Desktop\d3v\TextualGameEngine\ItalienQuiSaute\Engine\Components\SpriteRendererComponent.hpp(44,33): warning C4244: 'argument': conversion from 'int' to 'T', possible loss of data
C:\Users\AnubhavGain\Desktop\d3v\TextualGameEngine\ItalienQuiSaute\Engine\Components\SpriteRendererComponent.hpp(44,33): warning C4244:         with
C:\Users\AnubhavGain\Desktop\d3v\TextualGameEngine\ItalienQuiSaute\Engine\Components\SpriteRendererComponent.hpp(44,33): warning C4244:         [
C:\Users\AnubhavGain\Desktop\d3v\TextualGameEngine\ItalienQuiSaute\Engine\Components\SpriteRendererComponent.hpp(44,33): warning C4244:             T=float
C:\Users\AnubhavGain\Desktop\d3v\TextualGameEngine\ItalienQuiSaute\Engine\Components\SpriteRendererComponent.hpp(44,33): warning C4244:         ]
C:\Users\AnubhavGain\Desktop\d3v\TextualGameEngine\ItalienQuiSaute\Engine\Components\ColliderComponent.hpp(3,10): warning C4067: unexpected tokens following preprocessor directive - expected a newline
C:\Users\AnubhavGain\Desktop\d3v\TextualGameEngine\ItalienQuiSaute\Engine\Components\ColliderComponent.hpp(4,10): warning C4067: unexpected tokens following preprocessor directive - expected a newline
C:\Users\AnubhavGain\Desktop\d3v\TextualGameEngine\ItalienQuiSaute\Engine\Components\HealthComponent.hpp(3,10): warning C4067: unexpected tokens following preprocessor directive - expected a newline
C:\Users\AnubhavGain\Desktop\d3v\TextualGameEngine\ItalienQuiSaute\Engine\Components\HealthComponent.hpp(16,10): warning C4244: 'return': conversion from 'int' to 'float', possible loss of data
C:\Users\AnubhavGain\Desktop\d3v\TextualGameEngine\ItalienQuiSaute\Engine\System\Managers\EntityManager.hpp(23,22): warning C4267: 'initializing': conversion from 'size_t' to 'uint32_t', possible loss of data
C:\Users\AnubhavGain\Desktop\d3v\TextualGameEngine\ItalienQuiSaute\Engine\System\Managers\EntityManager.hpp(53,18): warning C4267: 'initializing': conversion from 'size_t' to 'int', possible loss of data
C:\Users\AnubhavGain\Desktop\d3v\TextualGameEngine\ItalienQuiSaute\Engine\System\Managers\EntityManager.hpp(63,16): warning C4267: 'initializing': conversion from 'size_t' to 'int', possible loss of data
C:\Users\AnubhavGain\Desktop\d3v\TextualGameEngine\ItalienQuiSaute\Engine\System\Managers\EntityManager.hpp(106,57): warning C4267: 'initializing': conversion from 'size_t' to 'uint32_t', possible loss of data
C:\Users\AnubhavGain\Desktop\d3v\TextualGameEngine\ItalienQuiSaute\Engine\System\Managers\EntityManager.hpp(106,28): warning C4267: 'initializing': conversion from 'size_t' to 'const uint32_t', possible loss of data
C:\Users\AnubhavGain\Desktop\d3v\TextualGameEngine\ItalienQuiSaute\Engine\System\Managers\EntityManager.hpp(150,12): warning C4267: 'return': conversion from 'size_t' to 'int', possible loss of data
C:\Users\AnubhavGain\Desktop\d3v\TextualGameEngine\ItalienQuiSaute\Engine\System\Managers\EntityManager.hpp(159,12): warning C4267: 'return': conversion from 'size_t' to 'int', possible loss of data
C:\Users\AnubhavGain\Desktop\d3v\TextualGameEngine\ItalienQuiSaute\Engine\Entities\PlayerEntity.hpp(3,10): warning C4067: unexpected tokens following preprocessor directive - expected a newline
C:\Users\AnubhavGain\Desktop\d3v\TextualGameEngine\ItalienQuiSaute\Engine\Entities\PlayerEntity.hpp(4,10): warning C4067: unexpected tokens following preprocessor directive - expected a newline
C:\Users\AnubhavGain\Desktop\d3v\TextualGameEngine\ItalienQuiSaute\Engine\Entities\PlayerEntity.hpp(5,10): warning C4067: unexpected tokens following preprocessor directive - expected a newline
C:\Users\AnubhavGain\Desktop\d3v\TextualGameEngine\ItalienQuiSaute\Engine\Entities\PlayerEntity.hpp(6,10): warning C4067: unexpected tokens following preprocessor directive - expected a newline
C:\Users\AnubhavGain\Desktop\d3v\TextualGameEngine\ItalienQuiSaute\Engine\Entities\PlayerEntity.hpp(7,10): warning C4067: unexpected tokens following preprocessor directive - expected a newline
C:\Users\AnubhavGain\Desktop\d3v\TextualGameEngine\ItalienQuiSaute\Engine\Entities\PlayerEntity.hpp(8,10): warning C4067: unexpected tokens following preprocessor directive - expected a newline
C:\Users\AnubhavGain\Desktop\d3v\TextualGameEngine\ItalienQuiSaute\Engine\Entities\PlayerEntity.hpp(9,10): warning C4067: unexpected tokens following preprocessor directive - expected a newline
C:\Users\AnubhavGain\Desktop\d3v\TextualGameEngine\ItalienQuiSaute\Engine\Entities\PlayerEntity.hpp(10,10): warning C4067: unexpected tokens following preprocessor directive - expected a newline
C:\Users\AnubhavGain\Desktop\d3v\TextualGameEngine\ItalienQuiSaute\Engine\Components\GravityComponent.hpp(3,10): warning C4067: unexpected tokens following preprocessor directive - expected a newline
C:\Users\AnubhavGain\Desktop\d3v\TextualGameEngine\ItalienQuiSaute\Engine\Components\GravityComponent.hpp(4,10): warning C4067: unexpected tokens following preprocessor directive - expected a newline
C:\Users\AnubhavGain\Desktop\d3v\TextualGameEngine\ItalienQuiSaute\Engine\Entities\PlayerEntity.hpp(11,10): warning C4067: unexpected tokens following preprocessor directive - expected a newline
C:\Users\AnubhavGain\Desktop\d3v\TextualGameEngine\ItalienQuiSaute\Engine\Components\CameraComponent.hpp(3,10): warning C4067: unexpected tokens following preprocessor directive - expected a newline
C:\Users\AnubhavGain\Desktop\d3v\TextualGameEngine\ItalienQuiSaute\Engine\Components\CameraComponent.hpp(4,10): warning C4067: unexpected tokens following preprocessor directive - expected a newline
C:\Users\AnubhavGain\Desktop\d3v\TextualGameEngine\ItalienQuiSaute\Engine\Components\CameraComponent.hpp(5,10): warning C4067: unexpected tokens following preprocessor directive - expected a newline
C:\Users\AnubhavGain\Desktop\d3v\TextualGameEngine\ItalienQuiSaute\Engine\Components\CameraComponent.hpp(7,10): warning C4067: unexpected tokens following preprocessor directive - expected a newline
C:\Users\AnubhavGain\Desktop\d3v\TextualGameEngine\ItalienQuiSaute\Engine\Entities\PlayerEntity.hpp(68,75): warning C4244: 'argument': conversion from 'sf::Int64' to 'float', possible loss of data
C:\Users\AnubhavGain\Desktop\d3v\TextualGameEngine\ItalienQuiSaute\Engine\Entities\Enemy.hpp(59,75): warning C4244: 'argument': conversion from 'sf::Int64' to 'float', possible loss of data
C:\Users\AnubhavGain\Desktop\d3v\TextualGameEngine\ItalienQuiSaute\Game\Source\Level.hpp(37,49): warning C4244: 'argument': conversion from 'float' to 'sf::Int64', possible loss of data
C:\Users\AnubhavGain\Desktop\d3v\TextualGameEngine\ItalienQuiSaute\Game\Source\Menu.hpp(42,48): warning C4267: '=': conversion from 'size_t' to 'int', possible loss of data
C:\Users\AnubhavGain\Desktop\d3v\TextualGameEngine\ItalienQuiSaute\Game\Source\Menu.hpp(103,52): warning C4267: '=': conversion from 'size_t' to 'int', possible loss of data
C:\Users\AnubhavGain\Desktop\d3v\TextualGameEngine\ItalienQuiSaute\Game\Source\Menu.hpp(112,52): warning C4267: '=': conversion from 'size_t' to 'int', possible loss of data
C:\Users\AnubhavGain\Desktop\d3v\TextualGameEngine\ItalienQuiSaute\Engine\System\Managers\EntityManager.hpp(152,1): warning C4715: 'EntityManager::GetLivingEntityIndex': not all control paths return a value
C:\Users\AnubhavGain\Desktop\d3v\TextualGameEngine\ItalienQuiSaute\Engine\System\Managers\EntityManager.hpp(161,1): warning C4715: 'EntityManager::GetLivingComponentIndex': not all control paths return a value
C:\Users\AnubhavGain\Desktop\d3v\TextualGameEngine\ItalienQuiSaute\Engine\System\Managers\TexturesManager.hpp(57,1): warning C4715: 'TexturesManager::getTexture': not all control paths return a value
  ItalienQuiSaute.vcxproj -> C:\Users\AnubhavGain\Desktop\d3v\TextualGameEngine\ItalienQuiSaute\Release\ItalienQuiSaute.exe
  'pwsh.exe' is not recognized as an internal or external command,
  operable program or batch file.
